Tue Sep 7 1:17:22 CDT 2010 -  239  --- Writting API
Tue Sep 7 1:27:24 CDT 2010 -  240  --- Writting API
Thu Sep 9 19:19:19 CDT 2010 -  243  --- Writting API
Wed Sep 15 2:59:11 CDT 2010 -  245  --- Sending Mail
Wed Sep 15 2:59:11 CDT 2010 -  245  --- Writting API
Wed Sep 15 3:32:59 CDT 2010 -  246  --- Sending Mail
Wed Sep 15 3:32:59 CDT 2010 -  246  --- Writting API
Wed Sep 22 12:37:50 CDT 2010 -  247  --- Sending Mail
Wed Sep 22 12:37:51 CDT 2010 -  247  --- Writting API
Wed Sep 22 16:50:09 CDT 2010 -  248  --- Sending Mail
Wed Sep 22 16:50:09 CDT 2010 -  248  --- Writting API
Thu Sep 23 11:47:11 CDT 2010 -  249  --- Sending Mail
Thu Sep 23 11:47:12 CDT 2010 -  249  --- Writting API
Sat Sep 25 19:14:31 CDT 2010 -  252  --- Sending Mail
Sat Sep 25 19:14:33 CDT 2010 -  252  --- Writting API
Sat Sep 25 22:23:22 CDT 2010 -  254  --- Sending Mail
Sat Sep 25 22:23:24 CDT 2010 -  254  --- Writting API
Sun Sep 26 16:52:43 CDT 2010 -  251  --- Sending Mail
Sun Sep 26 16:52:45 CDT 2010 -  251  --- Writting API
Mon Sep 27 8:08:35 CDT 2010 -  255  --- Sending Mail
Mon Sep 27 8:08:37 CDT 2010 -  255  --- Writting API
Wed Sep 29 4:21:34 CDT 2010 -  258  --- Sending Mail
Wed Sep 29 4:21:36 CDT 2010 -  258  --- Writting API
Thu Sep 30 2:08:13 CDT 2010 -  220  --- Sending Mail
Thu Sep 30 2:08:14 CDT 2010 -  220  --- Writting API
Fri Oct 1 12:58:00 CDT 2010 -  259  --- Sending Mail
Fri Oct 1 12:58:01 CDT 2010 -  259  --- Writting API
Sat Oct 2 4:10:40 CDT 2010 -  256  --- Sending Mail
Sat Oct 2 4:10:42 CDT 2010 -  256  --- Writting API
Mon Oct 4 2:01:11 CDT 2010 -  255  --- Sending Mail
Mon Oct 4 2:01:12 CDT 2010 -  255  --- Writting API
Mon Oct 4 2:09:04 CDT 2010 -  255  --- Sending Mail
Mon Oct 4 2:09:05 CDT 2010 -  255  --- Writting API
Mon Oct 4 2:23:40 CDT 2010 -  255  --- Sending Mail
Mon Oct 4 2:23:40 CDT 2010 -  255  --- Writting API
Mon Oct 4 2:38:33 CDT 2010 -  255  --- Sending Mail
Mon Oct 4 2:38:33 CDT 2010 -  255  --- Writting API
Mon Oct 4 14:21:48 CDT 2010 -  262  --- Sending Mail
Mon Oct 4 14:21:48 CDT 2010 -  262  --- Writting API
Mon Oct 4 22:31:42 CDT 2010 -  260  --- Sending Mail
Mon Oct 4 22:31:43 CDT 2010 -  260  --- Writting API
Tue Oct 5 11:32:32 CDT 2010 -  264  --- Sending Mail
Tue Oct 5 11:32:32 CDT 2010 -  264  --- Writting API
Tue Oct 5 13:13:44 CDT 2010 -  266  --- Sending Mail
Tue Oct 5 13:13:44 CDT 2010 -  266  --- Writting API
Tue Oct 5 19:59:12 CDT 2010 -  265  --- Sending Mail
Tue Oct 5 19:59:13 CDT 2010 -  265  --- Writting API
Wed Oct 6 11:03:55 CDT 2010 -  268  --- Sending Mail
Wed Oct 6 11:03:56 CDT 2010 -  268  --- Writting API
Sat Oct 9 3:10:55 CDT 2010 -  270  --- Sending Mail
Sat Oct 9 3:10:55 CDT 2010 -  270  --- Writting API
Sun Oct 10 18:40:58 CDT 2010 -  271  --- Sending Mail
Sun Oct 10 18:40:59 CDT 2010 -  271  --- Writting API
Wed Oct 13 11:17:56 CDT 2010 -  278  --- Sending Mail
Wed Oct 13 11:17:56 CDT 2010 -  278  --- Writting API
Thu Oct 14 7:21:40 CDT 2010 -  255  --- Sending Mail
Thu Oct 14 7:21:40 CDT 2010 -  255  --- Writting API
Fri Oct 15 1:48:44 CDT 2010 -  255  --- Sending Mail
Fri Oct 15 1:48:45 CDT 2010 -  255  --- Writting API
Sun Oct 17 9:48:22 CDT 2010 -  267  --- Sending Mail
Sun Oct 17 9:48:23 CDT 2010 -  267  --- Writting API
Wed Oct 20 23:23:36 CDT 2010 -  286  --- Sending Mail
Wed Oct 20 23:23:37 CDT 2010 -  286  --- Writting API
Thu Oct 21 0:08:55 CDT 2010 -  285  --- Sending Mail
Thu Oct 21 0:08:56 CDT 2010 -  285  --- Writting API
Fri Oct 22 14:57:13 CDT 2010 -  287  --- Sending Mail
Fri Oct 22 14:57:14 CDT 2010 -  287  --- Writting API
Mon Oct 25 15:39:26 CDT 2010 -  290  --- Sending Mail
Mon Oct 25 15:39:26 CDT 2010 -  290  --- Writting API
Tue Oct 26 1:22:10 CDT 2010 -  291  --- Sending Mail
Tue Oct 26 1:22:11 CDT 2010 -  291  --- Writting API
Mon Nov 29 17:08:05 IST 2010 -  206  --- Sending Mail
Wed Dec 1 17:15:07 IST 2010 -  206  --- Sending Mail
Wed Dec 1 17:28:30 IST 2010 -  206  --- Sending Mail
Wed Dec 1 17:28:57 IST 2010 -  206  --- Sending Mail
Wed Dec 1 17:50:03 IST 2010 -  206  --- Sending Mail
Wed Dec 1 17:54:57 IST 2010 -  206  --- Sending Mail
Wed Dec 1 18:01:11 IST 2010 -  206  --- Sending Mail
Mon Jun 18 7:17:12 UTC 2012 -  8  --- Sending Mail
Tue Jun 19 7:07:58 UTC 2012 -  8  --- Sending Mail
Fri Jun 29 12:23:16 UTC 2012 -  8  --- Sending Mail
Tue Jul 24 7:04:03 UTC 2012 -  8  --- Sending Mail
Tue Jul 24 7:11:23 UTC 2012 -  8  --- Sending Mail
Tue Jul 24 8:33:12 UTC 2012 -  8  --- Sending Mail
Tue Jul 24 8:39:50 UTC 2012 -  8  --- Sending Mail
Tue Jul 24 8:44:09 UTC 2012 -  8  --- Sending Mail
Tue Jul 24 8:47:16 UTC 2012 -  8  --- Sending Mail
Tue Jul 24 8:48:24 UTC 2012 -  8  --- Sending Mail
Tue Jul 24 8:51:16 UTC 2012 -  8  --- Sending Mail
Tue Jul 24 8:52:03 UTC 2012 -  8  --- Sending Mail
Tue Jul 24 12:04:58 UTC 2012 -  8  --- Sending Mail
Tue Aug 21 4:54:52 UTC 2012 -  8  --- Sending Mail
Wed Sep 5 8:27:02 UTC 2012 -  8  --- Sending Mail
Fri Sep 14 4:33:23 UTC 2012 -  685  --- Sending Mail
Mon Sep 17 6:22:43 UTC 2012 -  8  --- Sending Mail
Mon Sep 17 6:31:47 UTC 2012 -  8  --- Sending Mail
Mon Sep 17 6:32:38 UTC 2012 -  8  --- Sending Mail
Mon Sep 17 6:47:03 UTC 2012 -  8  --- Sending Mail
