Thu Oct 28 1:07:45 CDT 2010 --- First warning sent to idhanu@gmail.com,idhanu
Thu Oct 28 1:09:44 CDT 2010 --- Second warning sent to idhanu@gmail.com,idhanu
Thu Oct 28 1:17:41 CDT 2010 --- Deleted the user idhanu@gmail.com,idhanu
Thu Oct 28 2:37:58 CDT 2010 --- First warning sent to apdhanushka@yahoo.com,mytest
Thu Oct 28 2:39:22 CDT 2010 --- Second warning sent to apdhanushka@yahoo.com,mytest
Sun Oct 31 0:00:03 CDT 2010 --- First warning sent to fred@elyfit.com,Bertrand
Sun Oct 31 0:00:03 CDT 2010 --- First warning sent to alexbykenzo@gmail.com,ALEXBYKENZO
Sun Oct 31 0:00:04 CDT 2010 --- First warning sent to cheemalabar@hotmail.com,Chee Malabar
Sun Oct 31 0:00:04 CDT 2010 --- First warning sent to dee4view@gmail.com,donniedee
Sun Oct 31 0:00:04 CDT 2010 --- First warning sent to hambih@yahoo.co.uk,hambih
Sun Oct 31 0:00:04 CDT 2010 --- First warning sent to royjacobs@dportion.com,dportion
Sun Oct 31 0:00:04 CDT 2010 --- First warning sent to adorobandadesenhada@gmail.com,bandadesenhada
Sun Oct 31 0:00:04 CDT 2010 --- First warning sent to silomitch@gmail.com,SiloMitch
Sun Oct 31 0:00:04 CDT 2010 --- First warning sent to olivia@socialsciencerecs.com,Ohliviarose
Sun Oct 31 0:00:04 CDT 2010 --- First warning sent to social@melodymanagement.com,gomelody
Sun Oct 31 0:00:04 CDT 2010 --- First warning sent to fxmcnulty@sbcglobal.net,fxmcnulty
Sun Oct 31 0:00:04 CDT 2010 --- First warning sent to sparkydogband@gmail.com,sparkydog
Sun Oct 31 0:00:04 CDT 2010 --- First warning sent to mark@atxlive.com,mwillenborg 
Sun Oct 31 0:00:04 CDT 2010 --- First warning sent to kwanzahall@gmail.com,kwanzahall
Sun Oct 31 0:00:04 CDT 2010 --- First warning sent to Dylan.Elliott@Gmail.com,JuniorWalker
Sun Oct 31 0:00:04 CDT 2010 --- First warning sent to liquidstatepro@gmail.com,iMaMac
Sun Oct 31 0:00:04 CDT 2010 --- First warning sent to youngjay@wapikiyarecords.com,YoungJay
Sun Oct 31 0:00:04 CDT 2010 --- First warning sent to hotclubofcowtown@gmail.com,hotclub
Sun Oct 31 0:00:04 CDT 2010 --- First warning sent to u2markster@gmail.com,u2mark
Sun Oct 31 0:00:04 CDT 2010 --- First warning sent to coocoo@GMX.net,coocoo
Sun Oct 31 0:00:04 CDT 2010 --- First warning sent to pilotoautomatico@hotmail.com,alejandro gomezcaceres
Sun Oct 31 0:00:04 CDT 2010 --- First warning sent to dashade2001@yahoo.com,blacklistedindividuals
Sun Oct 31 0:00:04 CDT 2010 --- First warning sent to maranda@bigmodernart.com,marandapleasant
Sun Oct 31 0:00:05 CDT 2010 --- First warning sent to redpurchase@ophilia.com,Matt Marxteyn
Sun Oct 31 0:00:05 CDT 2010 --- First warning sent to mbirnholz@gmail.com,stimulator
Sun Oct 31 0:00:05 CDT 2010 --- First warning sent to mbirnholz@gmail.com,stimulatortheband
Sun Oct 31 0:00:05 CDT 2010 --- First warning sent to dgl@devrylaw.ca,dglavko
Sun Oct 31 0:00:05 CDT 2010 --- First warning sent to info@kelly-andrew.com,kellyandrew
Sun Oct 31 0:00:05 CDT 2010 --- First warning sent to david@hotelcongress.com,David
Sun Oct 31 0:00:05 CDT 2010 --- First warning sent to thefreeflowmusic@gmail.com,thefreeflowmusic
Sun Oct 31 0:00:05 CDT 2010 --- First warning sent to jessegay@me.com,onlinemusic
Sun Oct 31 0:00:05 CDT 2010 --- First warning sent to rnsae@hotmail.com,rnsae1
Sun Oct 31 0:00:05 CDT 2010 --- First warning sent to monstertaxi@aol.com,monstertaxi
Sun Oct 31 0:00:05 CDT 2010 --- First warning sent to djepilleptech@gmail.com,djepilleptech
Sun Oct 31 0:00:05 CDT 2010 --- First warning sent to noa@noatylo.com,noatylo
Sun Oct 31 0:00:05 CDT 2010 --- First warning sent to dj-b12@me.com,b12er
Sun Oct 31 0:00:05 CDT 2010 --- First warning sent to djmikagoldlv@gmail.com,djmikagold
Sun Oct 31 0:00:05 CDT 2010 --- First warning sent to elitemgt1@gmail.com,djred
Sun Oct 31 0:00:05 CDT 2010 --- First warning sent to Dysquo24@gmail.com,Dysquo
Sun Oct 31 0:00:05 CDT 2010 --- First warning sent to djm1824@aol.com,dj_method
Sun Oct 31 0:00:05 CDT 2010 --- First warning sent to youngjay@wapikiyarecords.com,YoungJayNSC
Sun Oct 31 0:00:05 CDT 2010 --- First warning sent to euphonik@euphonik.dj,Euphonik
Sun Oct 31 0:00:05 CDT 2010 --- First warning sent to travisstorch@gmail.com,TravisStorch
Sun Oct 31 0:00:05 CDT 2010 --- First warning sent to Info@circa95.com,Circa95
Sun Oct 31 0:00:05 CDT 2010 --- First warning sent to pxlbrd@yahoo.com,pxlbrd
Sun Oct 31 0:00:05 CDT 2010 --- First warning sent to dpenterprise@mac.com,dpenterprise
Sun Oct 31 0:00:05 CDT 2010 --- First warning sent to adorobandadesenhada@gmail.com,adorobandadesenhada
Sun Oct 31 0:00:05 CDT 2010 --- First warning sent to zacransika@gmail.com,ransika87
Sun Oct 31 0:00:06 CDT 2010 --- First warning sent to lenberg@soundcloud.com,lenberg
Sun Oct 31 0:00:06 CDT 2010 --- First warning sent to manoj.sliit@gmail.com,manoj.sliit@gmail.com
Sun Oct 31 0:00:06 CDT 2010 --- First warning sent to fernanre@iastate.edu,rex_fernando
Sun Oct 31 0:00:06 CDT 2010 --- First warning sent to djshaneparis@gmail.com,DJSHANEPARIS
Sun Oct 31 0:00:06 CDT 2010 --- First warning sent to tritonal.music@gmail.com,Tritonal
Sun Oct 31 0:00:06 CDT 2010 --- First warning sent to ranilf@hotmail.com,r
Sun Oct 31 0:00:06 CDT 2010 --- First warning sent to brian@brian.dk,dinsen
Sun Oct 31 0:00:06 CDT 2010 --- First warning sent to astrom_me2005@yahoomail.com,ayub.khan
Sun Oct 31 0:00:06 CDT 2010 --- First warning sent to andrew@microwavemedia.co.uk,microwavemedia
Sun Oct 31 0:00:06 CDT 2010 --- First warning sent to dandg@byblos.hr,dandgmusic
Sun Oct 31 0:00:06 CDT 2010 --- First warning sent to stress@bystress.com,BYSTRESS
Sun Oct 31 0:00:06 CDT 2010 --- First warning sent to toto@fabrikalink.com,fabrikalink
Sun Oct 31 0:00:06 CDT 2010 --- First warning sent to info@resolutionidea.com,resolutionidea_nicola
Sun Oct 31 0:00:06 CDT 2010 --- First warning sent to romixland@yahoo.com,romixland
Sun Oct 31 0:00:06 CDT 2010 --- First warning sent to victor_magallon@hotmail.com,thevmusic1
Sun Oct 31 0:00:06 CDT 2010 --- First warning sent to greg@greg2hyype.com,greg2hyype
Sun Oct 31 0:00:06 CDT 2010 --- First warning sent to loopandscissor@yahoo.com,loopandscissor
Sun Oct 31 0:00:06 CDT 2010 --- First warning sent to loopandscissorsocial@yahoo.com,loopandscissorsocial
Sun Oct 31 0:00:06 CDT 2010 --- First warning sent to gialouriritsa@hotmail.com,ritsa
Sun Oct 31 0:00:06 CDT 2010 --- First warning sent to timoweitershagen@mac.com,fabrikatmusik
Sun Oct 31 0:00:06 CDT 2010 --- First warning sent to sylvestar@gmx.at,sylvestar
Sun Oct 31 0:00:06 CDT 2010 --- First warning sent to lukedaduke@live.ie,djduke
Sun Oct 31 0:00:06 CDT 2010 --- First warning sent to amnaye.nhas@gmail.com,amnaye
Sun Oct 31 0:00:06 CDT 2010 --- First warning sent to writethetl@aol.com,thetalkingliberties
Sun Oct 31 0:00:06 CDT 2010 --- First warning sent to markusroll@tunnel.de,djrolex
Sun Oct 31 0:00:06 CDT 2010 --- First warning sent to aristotle@a-3.me,A-3
Sun Oct 31 0:00:06 CDT 2010 --- First warning sent to pdee@therussian.co.uk,pdee
Sun Oct 31 0:00:06 CDT 2010 --- First warning sent to ranga10_1@yahoo.com,ranga
Sun Oct 31 0:00:06 CDT 2010 --- First warning sent to monicaav17@hotmail.com,Monica17
Sun Oct 31 0:00:06 CDT 2010 --- First warning sent to ericbasowah@hotmail.com,ericbasowah@hotmail.com
Sun Oct 31 0:00:06 CDT 2010 --- First warning sent to Brian.Mngadi@gmail.com,Brian.mngadi
Sun Oct 31 0:00:06 CDT 2010 --- First warning sent to namito@namito.com,GREENHORN
Sun Oct 31 0:00:07 CDT 2010 --- First warning sent to glacier_dj@hotmail.com,mash
Sun Oct 31 0:00:07 CDT 2010 --- First warning sent to geezsmail@gmail.com,gajanmaheson
Sun Oct 31 0:00:07 CDT 2010 --- First warning sent to starflyinc@mac.com,djcolette
Sun Oct 31 0:00:07 CDT 2010 --- First warning sent to rehan.a.fernando@gmail.com,rajiv_test
Sun Oct 31 0:00:07 CDT 2010 --- First warning sent to thomasniederer2008@gmail.com,tdoo2
Sun Oct 31 0:00:07 CDT 2010 --- First warning sent to thabang.byl@siemens.com,Thekza
Sun Oct 31 0:00:07 CDT 2010 --- First warning sent to virananu@gmail.com,viran
Sun Oct 31 0:00:07 CDT 2010 --- First warning sent to natasha@morumbibookings.com,Tocadisco
Sun Oct 31 0:00:07 CDT 2010 --- First warning sent to nb@soundexil.de,johnvandoe
Sun Oct 31 0:00:07 CDT 2010 --- First warning sent to nattarbox@gmail.com,nattarbox
Sun Oct 31 0:00:07 CDT 2010 --- First warning sent to ncaban@gmail.com,nephtali
Sun Oct 31 0:00:07 CDT 2010 --- First warning sent to contact@silhouette-music.com,Silhouette Music
Sun Oct 31 0:00:07 CDT 2010 --- First warning sent to CameronBanga@gmail.com,cameron24
Sun Oct 31 0:00:07 CDT 2010 --- First warning sent to andre.landini@gmail.com,djandre
Sun Oct 31 0:00:07 CDT 2010 --- First warning sent to cyclemove@yahoo.de,homebase
Sun Oct 31 0:00:07 CDT 2010 --- First warning sent to sally@offleashmarketing.com,weefishes
Sun Oct 31 0:00:07 CDT 2010 --- First warning sent to frankboston@gmail.com,pollyboston
Sun Oct 31 0:00:07 CDT 2010 --- First warning sent to housetrickerz@yahoo.gr,housetrickerzband
Sun Oct 31 0:00:07 CDT 2010 --- First warning sent to miltonjr77@hotmail.com,milton
Sun Oct 31 0:00:07 CDT 2010 --- First warning sent to marcklant@gmail.com,marcklant
Sun Oct 31 0:00:07 CDT 2010 --- First warning sent to basil@immedia.co.za,basilp
Sun Oct 31 0:00:07 CDT 2010 --- First warning sent to phizuu@roccocaine.com,Rocco Caine
Sun Oct 31 0:00:07 CDT 2010 --- First warning sent to mchritis@gmail.com,chritism
Sun Oct 31 0:00:07 CDT 2010 --- First warning sent to 7orusss@gmail.com,7oRuS
Sun Oct 31 0:00:07 CDT 2010 --- First warning sent to idhanu@gmail.com,app_wiz_test
Sun Oct 31 0:00:07 CDT 2010 --- First warning sent to steve@magicislandmusic.com,rogershah
Sun Oct 31 0:00:07 CDT 2010 --- First warning sent to djkaan@dj-ajans.com,djkaan
Sun Oct 31 0:00:07 CDT 2010 --- First warning sent to bb.dbgm@gmail.com,dbgm99
Sun Oct 31 0:00:07 CDT 2010 --- First warning sent to info@art4all.no,lool
Sun Oct 31 0:00:07 CDT 2010 --- First warning sent to info@amonavas.com,amonavas
Sun Oct 31 0:00:07 CDT 2010 --- First warning sent to alice.s.yeh@gmail.com,alice.s.yeh
Sun Oct 31 0:00:07 CDT 2010 --- First warning sent to qasimamjad240@yahoo.com,asifamjad
Sun Oct 31 0:00:07 CDT 2010 --- First warning sent to rehan@phizuu.com,testing_uop
Sun Oct 31 0:00:07 CDT 2010 --- First warning sent to momo@quast-honnef.de,Dayton
Sun Oct 31 0:00:07 CDT 2010 --- First warning sent to woundupdead@live.com,woundupdead
Sun Oct 31 0:00:07 CDT 2010 --- First warning sent to jonathan@funknola.com,jonathanford9
Sun Oct 31 0:00:07 CDT 2010 --- First warning sent to krzysztof.czerwinski@yahoo.pl,kris
Sun Oct 31 0:00:07 CDT 2010 --- First warning sent to maxc@email.it,cavoz
Sun Oct 31 0:00:07 CDT 2010 --- First warning sent to wank@bredband.net,djwank
Sun Oct 31 0:00:07 CDT 2010 --- First warning sent to manicbrothers@hotmail.com,Manic Brothers
Sun Oct 31 0:00:07 CDT 2010 --- First warning sent to rad@eight25media.com,vala
Sun Oct 31 0:00:08 CDT 2010 --- First warning sent to angelrocks0192@gmail.com,ruparao
Sun Oct 31 0:00:08 CDT 2010 --- First warning sent to info@et-cetera.it,giuliost
Sun Oct 31 0:00:08 CDT 2010 --- First warning sent to fonarev@me.com,fonarevvladimir
Sun Oct 31 0:00:08 CDT 2010 --- First warning sent to tommasonhoopla@gmail.com,tommyhoopla
Mon Nov 1 0:00:02 CDT 2010 --- First warning sent to djepilleptech@gmail.com,epilleptech
Mon Nov 1 0:00:02 CDT 2010 --- First warning sent to mike@greenbrierfarm.ws,Mike
Mon Nov 1 0:00:02 CDT 2010 --- First warning sent to tommasonhoopla@gmail.com,Tommysocial
Tue Nov 2 0:00:03 CDT 2010 --- First warning sent to idhanu@gmail.com,test
Tue Nov 2 0:00:03 CDT 2010 --- First warning sent to idhanu@gmail.com,test2
Thu Nov 4 0:00:02 CDT 2010 --- Second warning sent to fred@elyfit.com,Bertrand
Thu Nov 4 0:00:03 CDT 2010 --- Second warning sent to alexbykenzo@gmail.com,ALEXBYKENZO
Thu Nov 4 0:00:03 CDT 2010 --- Second warning sent to cheemalabar@hotmail.com,Chee Malabar
Thu Nov 4 0:00:03 CDT 2010 --- Second warning sent to dee4view@gmail.com,donniedee
Thu Nov 4 0:00:03 CDT 2010 --- Second warning sent to hambih@yahoo.co.uk,hambih
Thu Nov 4 0:00:03 CDT 2010 --- Second warning sent to royjacobs@dportion.com,dportion
Thu Nov 4 0:00:03 CDT 2010 --- Second warning sent to adorobandadesenhada@gmail.com,bandadesenhada
Thu Nov 4 0:00:03 CDT 2010 --- Second warning sent to silomitch@gmail.com,SiloMitch
Thu Nov 4 0:00:03 CDT 2010 --- Second warning sent to olivia@socialsciencerecs.com,Ohliviarose
Thu Nov 4 0:00:03 CDT 2010 --- Second warning sent to social@melodymanagement.com,gomelody
Thu Nov 4 0:00:03 CDT 2010 --- Second warning sent to fxmcnulty@sbcglobal.net,fxmcnulty
Thu Nov 4 0:00:03 CDT 2010 --- Second warning sent to sparkydogband@gmail.com,sparkydog
Thu Nov 4 0:00:03 CDT 2010 --- Second warning sent to mark@atxlive.com,mwillenborg 
Thu Nov 4 0:00:04 CDT 2010 --- Second warning sent to kwanzahall@gmail.com,kwanzahall
Thu Nov 4 0:00:04 CDT 2010 --- Second warning sent to Dylan.Elliott@Gmail.com,JuniorWalker
Thu Nov 4 0:00:04 CDT 2010 --- Second warning sent to liquidstatepro@gmail.com,iMaMac
Thu Nov 4 0:00:04 CDT 2010 --- Second warning sent to youngjay@wapikiyarecords.com,YoungJay
Thu Nov 4 0:00:04 CDT 2010 --- Second warning sent to hotclubofcowtown@gmail.com,hotclub
Thu Nov 4 0:00:04 CDT 2010 --- Second warning sent to u2markster@gmail.com,u2mark
Thu Nov 4 0:00:04 CDT 2010 --- Second warning sent to coocoo@GMX.net,coocoo
Thu Nov 4 0:00:04 CDT 2010 --- Second warning sent to pilotoautomatico@hotmail.com,alejandro gomezcaceres
Thu Nov 4 0:00:04 CDT 2010 --- Second warning sent to dashade2001@yahoo.com,blacklistedindividuals
Thu Nov 4 0:00:04 CDT 2010 --- Second warning sent to maranda@bigmodernart.com,marandapleasant
Thu Nov 4 0:00:04 CDT 2010 --- Second warning sent to mbirnholz@gmail.com,stimulator
Thu Nov 4 0:00:04 CDT 2010 --- Second warning sent to mbirnholz@gmail.com,stimulatortheband
Thu Nov 4 0:00:04 CDT 2010 --- Second warning sent to dgl@devrylaw.ca,dglavko
Thu Nov 4 0:00:04 CDT 2010 --- Second warning sent to info@kelly-andrew.com,kellyandrew
Thu Nov 4 0:00:04 CDT 2010 --- Second warning sent to david@hotelcongress.com,David
Thu Nov 4 0:00:04 CDT 2010 --- Second warning sent to thefreeflowmusic@gmail.com,thefreeflowmusic
Thu Nov 4 0:00:05 CDT 2010 --- Second warning sent to jessegay@me.com,onlinemusic
Thu Nov 4 0:00:05 CDT 2010 --- Second warning sent to rnsae@hotmail.com,rnsae1
Thu Nov 4 0:00:05 CDT 2010 --- Second warning sent to monstertaxi@aol.com,monstertaxi
Thu Nov 4 0:00:05 CDT 2010 --- Second warning sent to djepilleptech@gmail.com,djepilleptech
Thu Nov 4 0:00:05 CDT 2010 --- Second warning sent to noa@noatylo.com,noatylo
Thu Nov 4 0:00:05 CDT 2010 --- Second warning sent to dj-b12@me.com,b12er
Thu Nov 4 0:00:05 CDT 2010 --- Second warning sent to djmikagoldlv@gmail.com,djmikagold
Thu Nov 4 0:00:05 CDT 2010 --- Second warning sent to elitemgt1@gmail.com,djred
Thu Nov 4 0:00:05 CDT 2010 --- Second warning sent to Dysquo24@gmail.com,Dysquo
Thu Nov 4 0:00:05 CDT 2010 --- Second warning sent to djm1824@aol.com,dj_method
Thu Nov 4 0:00:05 CDT 2010 --- Second warning sent to youngjay@wapikiyarecords.com,YoungJayNSC
Thu Nov 4 0:00:05 CDT 2010 --- Second warning sent to euphonik@euphonik.dj,Euphonik
Thu Nov 4 0:00:05 CDT 2010 --- Second warning sent to travisstorch@gmail.com,TravisStorch
Thu Nov 4 0:00:05 CDT 2010 --- Second warning sent to Info@circa95.com,Circa95
Thu Nov 4 0:00:05 CDT 2010 --- Second warning sent to pxlbrd@yahoo.com,pxlbrd
Thu Nov 4 0:00:05 CDT 2010 --- Second warning sent to dpenterprise@mac.com,dpenterprise
Thu Nov 4 0:00:05 CDT 2010 --- Second warning sent to adorobandadesenhada@gmail.com,adorobandadesenhada
Thu Nov 4 0:00:05 CDT 2010 --- Second warning sent to zacransika@gmail.com,ransika87
Thu Nov 4 0:00:05 CDT 2010 --- Second warning sent to lenberg@soundcloud.com,lenberg
Thu Nov 4 0:00:05 CDT 2010 --- Second warning sent to manoj.sliit@gmail.com,manoj.sliit@gmail.com
Thu Nov 4 0:00:05 CDT 2010 --- Second warning sent to fernanre@iastate.edu,rex_fernando
Thu Nov 4 0:00:05 CDT 2010 --- Second warning sent to djshaneparis@gmail.com,DJSHANEPARIS
Thu Nov 4 0:00:05 CDT 2010 --- Second warning sent to tritonal.music@gmail.com,Tritonal
Thu Nov 4 0:00:05 CDT 2010 --- Second warning sent to ranilf@hotmail.com,r
Thu Nov 4 0:00:05 CDT 2010 --- Second warning sent to brian@brian.dk,dinsen
Thu Nov 4 0:00:05 CDT 2010 --- Second warning sent to astrom_me2005@yahoomail.com,ayub.khan
Thu Nov 4 0:00:05 CDT 2010 --- Second warning sent to andrew@microwavemedia.co.uk,microwavemedia
Thu Nov 4 0:00:05 CDT 2010 --- Second warning sent to dandg@byblos.hr,dandgmusic
Thu Nov 4 0:00:05 CDT 2010 --- Second warning sent to stress@bystress.com,BYSTRESS
Thu Nov 4 0:00:05 CDT 2010 --- Second warning sent to toto@fabrikalink.com,fabrikalink
Thu Nov 4 0:00:05 CDT 2010 --- Second warning sent to info@resolutionidea.com,resolutionidea_nicola
Thu Nov 4 0:00:05 CDT 2010 --- Second warning sent to romixland@yahoo.com,romixland
Thu Nov 4 0:00:05 CDT 2010 --- Second warning sent to victor_magallon@hotmail.com,thevmusic1
Thu Nov 4 0:00:05 CDT 2010 --- Second warning sent to greg@greg2hyype.com,greg2hyype
Thu Nov 4 0:00:05 CDT 2010 --- Second warning sent to loopandscissor@yahoo.com,loopandscissor
Thu Nov 4 0:00:05 CDT 2010 --- Second warning sent to loopandscissorsocial@yahoo.com,loopandscissorsocial
Thu Nov 4 0:00:05 CDT 2010 --- Second warning sent to gialouriritsa@hotmail.com,ritsa
Thu Nov 4 0:00:05 CDT 2010 --- Second warning sent to timoweitershagen@mac.com,fabrikatmusik
Thu Nov 4 0:00:05 CDT 2010 --- Second warning sent to sylvestar@gmx.at,sylvestar
Thu Nov 4 0:00:05 CDT 2010 --- Second warning sent to lukedaduke@live.ie,djduke
Thu Nov 4 0:00:05 CDT 2010 --- Second warning sent to amnaye.nhas@gmail.com,amnaye
Thu Nov 4 0:00:05 CDT 2010 --- Second warning sent to writethetl@aol.com,thetalkingliberties
Thu Nov 4 0:00:05 CDT 2010 --- Second warning sent to markusroll@tunnel.de,djrolex
Thu Nov 4 0:00:05 CDT 2010 --- Second warning sent to aristotle@a-3.me,A-3
Thu Nov 4 0:00:06 CDT 2010 --- Second warning sent to pdee@therussian.co.uk,pdee
Thu Nov 4 0:00:06 CDT 2010 --- Second warning sent to ranga10_1@yahoo.com,ranga
Thu Nov 4 0:00:06 CDT 2010 --- Second warning sent to monicaav17@hotmail.com,Monica17
Thu Nov 4 0:00:06 CDT 2010 --- Second warning sent to ericbasowah@hotmail.com,ericbasowah@hotmail.com
Thu Nov 4 0:00:06 CDT 2010 --- Second warning sent to Brian.Mngadi@gmail.com,Brian.mngadi
Thu Nov 4 0:00:06 CDT 2010 --- Second warning sent to namito@namito.com,GREENHORN
Thu Nov 4 0:00:06 CDT 2010 --- Second warning sent to glacier_dj@hotmail.com,mash
Thu Nov 4 0:00:06 CDT 2010 --- Second warning sent to geezsmail@gmail.com,gajanmaheson
Thu Nov 4 0:00:06 CDT 2010 --- Second warning sent to starflyinc@mac.com,djcolette
Thu Nov 4 0:00:06 CDT 2010 --- Second warning sent to rehan.a.fernando@gmail.com,rajiv_test
Thu Nov 4 0:00:06 CDT 2010 --- Second warning sent to thomasniederer2008@gmail.com,tdoo2
Thu Nov 4 0:00:06 CDT 2010 --- Second warning sent to thabang.byl@siemens.com,Thekza
Thu Nov 4 0:00:06 CDT 2010 --- Second warning sent to virananu@gmail.com,viran
Thu Nov 4 0:00:06 CDT 2010 --- Second warning sent to natasha@morumbibookings.com,Tocadisco
Thu Nov 4 0:00:06 CDT 2010 --- Second warning sent to nb@soundexil.de,johnvandoe
Thu Nov 4 0:00:06 CDT 2010 --- Second warning sent to nattarbox@gmail.com,nattarbox
Thu Nov 4 0:00:06 CDT 2010 --- Second warning sent to ncaban@gmail.com,nephtali
Thu Nov 4 0:00:06 CDT 2010 --- Second warning sent to contact@silhouette-music.com,Silhouette Music
Thu Nov 4 0:00:06 CDT 2010 --- Second warning sent to CameronBanga@gmail.com,cameron24
Thu Nov 4 0:00:06 CDT 2010 --- Second warning sent to andre.landini@gmail.com,djandre
Thu Nov 4 0:00:06 CDT 2010 --- Second warning sent to cyclemove@yahoo.de,homebase
Thu Nov 4 0:00:06 CDT 2010 --- Second warning sent to sally@offleashmarketing.com,weefishes
Thu Nov 4 0:00:06 CDT 2010 --- Second warning sent to frankboston@gmail.com,pollyboston
Thu Nov 4 0:00:06 CDT 2010 --- Second warning sent to housetrickerz@yahoo.gr,housetrickerzband
Thu Nov 4 0:00:06 CDT 2010 --- Second warning sent to miltonjr77@hotmail.com,milton
Thu Nov 4 0:00:06 CDT 2010 --- Second warning sent to marcklant@gmail.com,marcklant
Thu Nov 4 0:00:06 CDT 2010 --- Second warning sent to basil@immedia.co.za,basilp
Thu Nov 4 0:00:06 CDT 2010 --- Second warning sent to phizuu@roccocaine.com,Rocco Caine
Thu Nov 4 0:00:06 CDT 2010 --- Second warning sent to mchritis@gmail.com,chritism
Thu Nov 4 0:00:06 CDT 2010 --- Second warning sent to 7orusss@gmail.com,7oRuS
Thu Nov 4 0:00:06 CDT 2010 --- Second warning sent to idhanu@gmail.com,app_wiz_test
Thu Nov 4 0:00:06 CDT 2010 --- Second warning sent to steve@magicislandmusic.com,rogershah
Thu Nov 4 0:00:06 CDT 2010 --- Second warning sent to djkaan@dj-ajans.com,djkaan
Thu Nov 4 0:00:06 CDT 2010 --- Second warning sent to bb.dbgm@gmail.com,dbgm99
Thu Nov 4 0:00:06 CDT 2010 --- Second warning sent to info@art4all.no,lool
Thu Nov 4 0:00:06 CDT 2010 --- Second warning sent to info@amonavas.com,amonavas
Thu Nov 4 0:00:06 CDT 2010 --- Second warning sent to alice.s.yeh@gmail.com,alice.s.yeh
Thu Nov 4 0:00:06 CDT 2010 --- Second warning sent to qasimamjad240@yahoo.com,asifamjad
Thu Nov 4 0:00:06 CDT 2010 --- Second warning sent to rehan@phizuu.com,testing_uop
Thu Nov 4 0:00:06 CDT 2010 --- Second warning sent to momo@quast-honnef.de,Dayton
Thu Nov 4 0:00:06 CDT 2010 --- Second warning sent to woundupdead@live.com,woundupdead
Thu Nov 4 0:00:06 CDT 2010 --- Second warning sent to jonathan@funknola.com,jonathanford9
Thu Nov 4 0:00:07 CDT 2010 --- Second warning sent to krzysztof.czerwinski@yahoo.pl,kris
Thu Nov 4 0:00:07 CDT 2010 --- Second warning sent to maxc@email.it,cavoz
Thu Nov 4 0:00:07 CDT 2010 --- Second warning sent to wank@bredband.net,djwank
Thu Nov 4 0:00:07 CDT 2010 --- Second warning sent to manicbrothers@hotmail.com,Manic Brothers
Thu Nov 4 0:00:07 CDT 2010 --- Second warning sent to rad@eight25media.com,vala
Thu Nov 4 0:00:07 CDT 2010 --- Second warning sent to angelrocks0192@gmail.com,ruparao
Thu Nov 4 0:00:07 CDT 2010 --- Second warning sent to info@et-cetera.it,giuliost
Thu Nov 4 0:00:07 CDT 2010 --- Second warning sent to fonarev@me.com,fonarevvladimir
Thu Nov 4 0:00:07 CDT 2010 --- Second warning sent to tommasonhoopla@gmail.com,tommyhoopla
Thu Nov 4 0:00:07 CDT 2010 --- Deleted the user apdhanushka@yahoo.com,mytest
Fri Nov 5 0:00:09 CDT 2010 --- First warning sent to sayhello@inhousewetrust.co.uk,IHWT
Fri Nov 5 0:00:09 CDT 2010 --- Second warning sent to djepilleptech@gmail.com,epilleptech
Fri Nov 5 0:00:09 CDT 2010 --- Second warning sent to mike@greenbrierfarm.ws,Mike
Fri Nov 5 0:00:09 CDT 2010 --- Second warning sent to tommasonhoopla@gmail.com,Tommysocial
Sat Nov 6 0:00:03 CDT 2010 --- First warning sent to alice.s.yeh@gmail.com,alice.s.yeh@gmail.com
Sat Nov 6 0:00:03 CDT 2010 --- Second warning sent to idhanu@gmail.com,test
Sat Nov 6 0:00:03 CDT 2010 --- Second warning sent to idhanu@gmail.com,test2
Sun Nov 7 0:00:02 CDT 2010 --- First warning sent to info@saintpauldj.com,saintpaul
Sun Nov 7 0:00:03 CDT 2010 --- First warning sent to info@saintpauldj.com,saintpaul dj
Mon Nov 8 0:00:03 CST 2010 --- First warning sent to mst013088@gmail.com,Tachuuuuu
Mon Nov 8 0:00:03 CST 2010 --- First warning sent to euphonik@euphonik.dj,euphonik@euphonik.dj
Tue Nov 9 0:00:02 CST 2010 --- First warning sent to Chusma3@hotmail.com,Ericw
Tue Nov 9 0:00:02 CST 2010 --- Second warning sent to sayhello@inhousewetrust.co.uk,IHWT
Wed Nov 10 0:00:02 CST 2010 --- First warning sent to thomassagstad@me.com,thomassagstad
Wed Nov 10 0:00:03 CST 2010 --- Second warning sent to alice.s.yeh@gmail.com,alice.s.yeh@gmail.com
Thu Nov 11 0:00:07 CST 2010 --- Second warning sent to info@saintpauldj.com,saintpaul
Thu Nov 11 0:00:07 CST 2010 --- Second warning sent to info@saintpauldj.com,saintpaul dj
Thu Nov 11 0:00:07 CST 2010 --- Deleted the user fred@elyfit.com,Bertrand
Thu Nov 11 0:00:07 CST 2010 --- Deleted the user alexbykenzo@gmail.com,ALEXBYKENZO
Thu Nov 11 0:00:07 CST 2010 --- Deleted the user cheemalabar@hotmail.com,Chee Malabar
Thu Nov 11 0:00:07 CST 2010 --- Deleted the user dee4view@gmail.com,donniedee
Thu Nov 11 0:00:07 CST 2010 --- Deleted the user hambih@yahoo.co.uk,hambih
Thu Nov 11 0:00:07 CST 2010 --- Deleted the user royjacobs@dportion.com,dportion
Thu Nov 11 0:00:07 CST 2010 --- Deleted the user adorobandadesenhada@gmail.com,bandadesenhada
Thu Nov 11 0:00:07 CST 2010 --- Deleted the user silomitch@gmail.com,SiloMitch
Thu Nov 11 0:00:07 CST 2010 --- Deleted the user olivia@socialsciencerecs.com,Ohliviarose
Thu Nov 11 0:00:07 CST 2010 --- Deleted the user social@melodymanagement.com,gomelody
Thu Nov 11 0:00:07 CST 2010 --- Deleted the user fxmcnulty@sbcglobal.net,fxmcnulty
Thu Nov 11 0:00:07 CST 2010 --- Deleted the user sparkydogband@gmail.com,sparkydog
Thu Nov 11 0:00:07 CST 2010 --- Deleted the user mark@atxlive.com,mwillenborg 
Thu Nov 11 0:00:07 CST 2010 --- Deleted the user kwanzahall@gmail.com,kwanzahall
Thu Nov 11 0:00:07 CST 2010 --- Deleted the user Dylan.Elliott@Gmail.com,JuniorWalker
Thu Nov 11 0:00:07 CST 2010 --- Deleted the user liquidstatepro@gmail.com,iMaMac
Thu Nov 11 0:00:07 CST 2010 --- Deleted the user youngjay@wapikiyarecords.com,YoungJay
Thu Nov 11 0:00:07 CST 2010 --- Deleted the user hotclubofcowtown@gmail.com,hotclub
Thu Nov 11 0:00:07 CST 2010 --- Deleted the user u2markster@gmail.com,u2mark
Thu Nov 11 0:00:07 CST 2010 --- Deleted the user coocoo@GMX.net,coocoo
Thu Nov 11 0:00:07 CST 2010 --- Deleted the user pilotoautomatico@hotmail.com,alejandro gomezcaceres
Thu Nov 11 0:00:07 CST 2010 --- Deleted the user dashade2001@yahoo.com,blacklistedindividuals
Thu Nov 11 0:00:07 CST 2010 --- Deleted the user maranda@bigmodernart.com,marandapleasant
Thu Nov 11 0:00:07 CST 2010 --- Deleted the user mbirnholz@gmail.com,stimulator
Thu Nov 11 0:00:07 CST 2010 --- Deleted the user mbirnholz@gmail.com,stimulatortheband
Thu Nov 11 0:00:07 CST 2010 --- Deleted the user dgl@devrylaw.ca,dglavko
Thu Nov 11 0:00:07 CST 2010 --- Deleted the user info@kelly-andrew.com,kellyandrew
Thu Nov 11 0:00:07 CST 2010 --- Deleted the user david@hotelcongress.com,David
Thu Nov 11 0:00:07 CST 2010 --- Deleted the user thefreeflowmusic@gmail.com,thefreeflowmusic
Thu Nov 11 0:00:07 CST 2010 --- Deleted the user jessegay@me.com,onlinemusic
Thu Nov 11 0:00:07 CST 2010 --- Deleted the user rnsae@hotmail.com,rnsae1
Thu Nov 11 0:00:07 CST 2010 --- Deleted the user monstertaxi@aol.com,monstertaxi
Thu Nov 11 0:00:07 CST 2010 --- Deleted the user djepilleptech@gmail.com,djepilleptech
Thu Nov 11 0:00:07 CST 2010 --- Deleted the user noa@noatylo.com,noatylo
Thu Nov 11 0:00:07 CST 2010 --- Deleted the user dj-b12@me.com,b12er
Thu Nov 11 0:00:07 CST 2010 --- Deleted the user djmikagoldlv@gmail.com,djmikagold
Thu Nov 11 0:00:07 CST 2010 --- Deleted the user elitemgt1@gmail.com,djred
Thu Nov 11 0:00:07 CST 2010 --- Deleted the user Dysquo24@gmail.com,Dysquo
Thu Nov 11 0:00:07 CST 2010 --- Deleted the user djm1824@aol.com,dj_method
Thu Nov 11 0:00:07 CST 2010 --- Deleted the user youngjay@wapikiyarecords.com,YoungJayNSC
Thu Nov 11 0:00:07 CST 2010 --- Deleted the user euphonik@euphonik.dj,Euphonik
Thu Nov 11 0:00:07 CST 2010 --- Deleted the user travisstorch@gmail.com,TravisStorch
Thu Nov 11 0:00:07 CST 2010 --- Deleted the user Info@circa95.com,Circa95
Thu Nov 11 0:00:07 CST 2010 --- Deleted the user pxlbrd@yahoo.com,pxlbrd
Thu Nov 11 0:00:07 CST 2010 --- Deleted the user dpenterprise@mac.com,dpenterprise
Thu Nov 11 0:00:07 CST 2010 --- Deleted the user adorobandadesenhada@gmail.com,adorobandadesenhada
Thu Nov 11 0:00:07 CST 2010 --- Deleted the user zacransika@gmail.com,ransika87
Thu Nov 11 0:00:07 CST 2010 --- Deleted the user lenberg@soundcloud.com,lenberg
Thu Nov 11 0:00:07 CST 2010 --- Deleted the user manoj.sliit@gmail.com,manoj.sliit@gmail.com
Thu Nov 11 0:00:07 CST 2010 --- Deleted the user fernanre@iastate.edu,rex_fernando
Thu Nov 11 0:00:07 CST 2010 --- Deleted the user djshaneparis@gmail.com,DJSHANEPARIS
Thu Nov 11 0:00:07 CST 2010 --- Deleted the user tritonal.music@gmail.com,Tritonal
Thu Nov 11 0:00:07 CST 2010 --- Deleted the user ranilf@hotmail.com,r
Thu Nov 11 0:00:07 CST 2010 --- Deleted the user brian@brian.dk,dinsen
Thu Nov 11 0:00:07 CST 2010 --- Deleted the user astrom_me2005@yahoomail.com,ayub.khan
Thu Nov 11 0:00:07 CST 2010 --- Deleted the user andrew@microwavemedia.co.uk,microwavemedia
Thu Nov 11 0:00:07 CST 2010 --- Deleted the user dandg@byblos.hr,dandgmusic
Thu Nov 11 0:00:07 CST 2010 --- Deleted the user stress@bystress.com,BYSTRESS
Thu Nov 11 0:00:07 CST 2010 --- Deleted the user toto@fabrikalink.com,fabrikalink
Thu Nov 11 0:00:07 CST 2010 --- Deleted the user romixland@yahoo.com,romixland
Thu Nov 11 0:00:07 CST 2010 --- Deleted the user victor_magallon@hotmail.com,thevmusic1
Thu Nov 11 0:00:07 CST 2010 --- Deleted the user greg@greg2hyype.com,greg2hyype
Thu Nov 11 0:00:07 CST 2010 --- Deleted the user loopandscissor@yahoo.com,loopandscissor
Thu Nov 11 0:00:07 CST 2010 --- Deleted the user loopandscissorsocial@yahoo.com,loopandscissorsocial
Thu Nov 11 0:00:07 CST 2010 --- Deleted the user gialouriritsa@hotmail.com,ritsa
Thu Nov 11 0:00:07 CST 2010 --- Deleted the user timoweitershagen@mac.com,fabrikatmusik
Thu Nov 11 0:00:07 CST 2010 --- Deleted the user sylvestar@gmx.at,sylvestar
Thu Nov 11 0:00:07 CST 2010 --- Deleted the user lukedaduke@live.ie,djduke
Thu Nov 11 0:00:07 CST 2010 --- Deleted the user amnaye.nhas@gmail.com,amnaye
Thu Nov 11 0:00:07 CST 2010 --- Deleted the user writethetl@aol.com,thetalkingliberties
Thu Nov 11 0:00:07 CST 2010 --- Deleted the user markusroll@tunnel.de,djrolex
Thu Nov 11 0:00:07 CST 2010 --- Deleted the user aristotle@a-3.me,A-3
Thu Nov 11 0:00:07 CST 2010 --- Deleted the user pdee@therussian.co.uk,pdee
Thu Nov 11 0:00:07 CST 2010 --- Deleted the user ranga10_1@yahoo.com,ranga
Thu Nov 11 0:00:07 CST 2010 --- Deleted the user monicaav17@hotmail.com,Monica17
Thu Nov 11 0:00:07 CST 2010 --- Deleted the user ericbasowah@hotmail.com,ericbasowah@hotmail.com
Thu Nov 11 0:00:07 CST 2010 --- Deleted the user Brian.Mngadi@gmail.com,Brian.mngadi
Thu Nov 11 0:00:07 CST 2010 --- Deleted the user namito@namito.com,GREENHORN
Thu Nov 11 0:00:07 CST 2010 --- Deleted the user glacier_dj@hotmail.com,mash
Thu Nov 11 0:00:07 CST 2010 --- Deleted the user geezsmail@gmail.com,gajanmaheson
Thu Nov 11 0:00:07 CST 2010 --- Deleted the user starflyinc@mac.com,djcolette
Thu Nov 11 0:00:07 CST 2010 --- Deleted the user rehan.a.fernando@gmail.com,rajiv_test
Thu Nov 11 0:00:07 CST 2010 --- Deleted the user thomasniederer2008@gmail.com,tdoo2
Thu Nov 11 0:00:07 CST 2010 --- Deleted the user thabang.byl@siemens.com,Thekza
Thu Nov 11 0:00:07 CST 2010 --- Deleted the user virananu@gmail.com,viran
Thu Nov 11 0:00:07 CST 2010 --- Deleted the user natasha@morumbibookings.com,Tocadisco
Thu Nov 11 0:00:07 CST 2010 --- Deleted the user nb@soundexil.de,johnvandoe
Thu Nov 11 0:00:07 CST 2010 --- Deleted the user nattarbox@gmail.com,nattarbox
Thu Nov 11 0:00:07 CST 2010 --- Deleted the user ncaban@gmail.com,nephtali
Thu Nov 11 0:00:07 CST 2010 --- Deleted the user contact@silhouette-music.com,Silhouette Music
Thu Nov 11 0:00:07 CST 2010 --- Deleted the user CameronBanga@gmail.com,cameron24
Thu Nov 11 0:00:07 CST 2010 --- Deleted the user andre.landini@gmail.com,djandre
Thu Nov 11 0:00:07 CST 2010 --- Deleted the user cyclemove@yahoo.de,homebase
Thu Nov 11 0:00:07 CST 2010 --- Deleted the user sally@offleashmarketing.com,weefishes
Thu Nov 11 0:00:07 CST 2010 --- Deleted the user frankboston@gmail.com,pollyboston
Thu Nov 11 0:00:07 CST 2010 --- Deleted the user housetrickerz@yahoo.gr,housetrickerzband
Thu Nov 11 0:00:07 CST 2010 --- Deleted the user miltonjr77@hotmail.com,milton
Thu Nov 11 0:00:07 CST 2010 --- Deleted the user marcklant@gmail.com,marcklant
Thu Nov 11 0:00:07 CST 2010 --- Deleted the user basil@immedia.co.za,basilp
Thu Nov 11 0:00:07 CST 2010 --- Deleted the user phizuu@roccocaine.com,Rocco Caine
Thu Nov 11 0:00:07 CST 2010 --- Deleted the user mchritis@gmail.com,chritism
Thu Nov 11 0:00:07 CST 2010 --- Deleted the user 7orusss@gmail.com,7oRuS
Thu Nov 11 0:00:07 CST 2010 --- Deleted the user idhanu@gmail.com,app_wiz_test
Thu Nov 11 0:00:07 CST 2010 --- Deleted the user steve@magicislandmusic.com,rogershah
Thu Nov 11 0:00:07 CST 2010 --- Deleted the user djkaan@dj-ajans.com,djkaan
Thu Nov 11 0:00:07 CST 2010 --- Deleted the user bb.dbgm@gmail.com,dbgm99
Thu Nov 11 0:00:07 CST 2010 --- Deleted the user info@art4all.no,lool
Thu Nov 11 0:00:07 CST 2010 --- Deleted the user info@amonavas.com,amonavas
Thu Nov 11 0:00:07 CST 2010 --- Deleted the user alice.s.yeh@gmail.com,alice.s.yeh
Thu Nov 11 0:00:07 CST 2010 --- Deleted the user qasimamjad240@yahoo.com,asifamjad
Thu Nov 11 0:00:07 CST 2010 --- Deleted the user rehan@phizuu.com,testing_uop
Thu Nov 11 0:00:07 CST 2010 --- Deleted the user momo@quast-honnef.de,Dayton
Thu Nov 11 0:00:07 CST 2010 --- Deleted the user woundupdead@live.com,woundupdead
Thu Nov 11 0:00:07 CST 2010 --- Deleted the user jonathan@funknola.com,jonathanford9
Thu Nov 11 0:00:07 CST 2010 --- Deleted the user krzysztof.czerwinski@yahoo.pl,kris
Thu Nov 11 0:00:07 CST 2010 --- Deleted the user maxc@email.it,cavoz
Thu Nov 11 0:00:07 CST 2010 --- Deleted the user wank@bredband.net,djwank
Thu Nov 11 0:00:07 CST 2010 --- Deleted the user manicbrothers@hotmail.com,Manic Brothers
Thu Nov 11 0:00:07 CST 2010 --- Deleted the user rad@eight25media.com,vala
Thu Nov 11 0:00:07 CST 2010 --- Deleted the user angelrocks0192@gmail.com,ruparao
Thu Nov 11 0:00:07 CST 2010 --- Deleted the user info@et-cetera.it,giuliost
Thu Nov 11 0:00:07 CST 2010 --- Deleted the user tommasonhoopla@gmail.com,tommyhoopla
Fri Nov 12 0:00:02 CST 2010 --- Second warning sent to mst013088@gmail.com,Tachuuuuu
Fri Nov 12 0:00:02 CST 2010 --- Second warning sent to euphonik@euphonik.dj,euphonik@euphonik.dj
Fri Nov 12 0:00:02 CST 2010 --- Deleted the user djepilleptech@gmail.com,epilleptech
Fri Nov 12 0:00:03 CST 2010 --- Deleted the user mike@greenbrierfarm.ws,Mike
Fri Nov 12 0:00:03 CST 2010 --- Deleted the user tommasonhoopla@gmail.com,Tommysocial
Sat Nov 13 0:00:10 CST 2010 --- First warning sent to info@houseshaker.com,Houseshakers
Sat Nov 13 0:00:10 CST 2010 --- Second warning sent to Chusma3@hotmail.com,Ericw
Sat Nov 13 0:00:10 CST 2010 --- Deleted the user idhanu@gmail.com,test
Sat Nov 13 0:00:10 CST 2010 --- Deleted the user idhanu@gmail.com,test2
Sun Nov 14 0:00:02 CST 2010 --- First warning sent to alex-calcio@hotmail.it,Alessandro
Sun Nov 14 0:00:03 CST 2010 --- Second warning sent to thomassagstad@me.com,thomassagstad
Tue Nov 16 0:00:03 CST 2010 --- Deleted the user sayhello@inhousewetrust.co.uk,IHWT
